2025-05-13 09:16:54,021 - semgrep.notifications - WARNING - METRICS: Using configs from the Registry (like --config=p/ci) reports pseudonymous rule metrics to semgrep.dev.
To disable Registry rule metrics, use "--metrics=off".
Using configs only from local files (like --config=xyz.yml) does not enable metrics.

More information: https://semgrep.dev/docs/metrics

2025-05-13 09:16:54,022 - semgrep.run_scan - DEBUG - semgrep version 1.2.0
2025-05-13 09:16:54,031 - semgrep.config_resolver - DEBUG - Loading local config from /home/runner/workspace/.config/.semgrep/semgrep_rules.json
2025-05-13 09:16:54,034 - semgrep.config_resolver - DEBUG - Done loading local config from /home/runner/workspace/.config/.semgrep/semgrep_rules.json
2025-05-13 09:16:54,040 - semgrep.config_resolver - DEBUG - Saving rules to /tmp/semgrep-_k2yevx3.rules
2025-05-13 09:16:54,385 - semgrep.semgrep_core - DEBUG - Failed to open resource semgrep-core-proprietary: [Errno 2] No such file or directory: '/tmp/_MEI8FlvhJ/semgrep/bin/semgrep-core-proprietary'.
2025-05-13 09:16:55,226 - semgrep.rule_lang - DEBUG - semgrep-core validation response: valid=True
2025-05-13 09:16:55,227 - semgrep.rule_lang - DEBUG - semgrep-core validation succeeded
2025-05-13 09:16:55,227 - semgrep.rule_lang - DEBUG - RPC validation succeeded
2025-05-13 09:16:55,228 - semgrep.config_resolver - DEBUG - loaded 1 configs in 1.196981430053711
2025-05-13 09:16:55,473 - semgrep.run_scan - VERBOSE - running 1250 rules from 1 config /home/runner/workspace/.config/.semgrep/semgrep_rules.json_0
2025-05-13 09:16:55,474 - semgrep.run_scan - VERBOSE - No .semgrepignore found. Using default .semgrepignore rules. See the docs for the list of default ignores: https://semgrep.dev/docs/cli-usage/#ignore-files
2025-05-13 09:16:55,478 - semgrep.run_scan - VERBOSE - Rules:
2025-05-13 09:16:55,478 - semgrep.run_scan - VERBOSE - <SKIPPED DATA (too many entries; use --max-log-list-entries)>
2025-05-13 09:16:56,225 - semgrep.core_runner - DEBUG - Passing whole rules directly to semgrep_core
2025-05-13 09:16:56,619 - semgrep.core_runner - DEBUG - Running Semgrep engine with command:
2025-05-13 09:16:56,620 - semgrep.core_runner - DEBUG - /tmp/_MEI8FlvhJ/semgrep/bin/opengrep-core -json -rules /tmp/tmp1k4iop94.json -j 8 -targets /tmp/tmpv2_eom40 -timeout 5 -timeout_threshold 3 -max_memory 0 -fast
2025-05-13 09:17:02,424 - semgrep.core_runner - DEBUG - --- semgrep-core stderr ---
[00.09][[34mINFO[0m]: Executed as: /tmp/_MEI8FlvhJ/semgrep/bin/opengrep-core -json -rules /tmp/tmp1k4iop94.json -j 8 -targets /tmp/tmpv2_eom40 -timeout 5 -timeout_threshold 3 -max_memory 0 -fast
[00.09][[34mINFO[0m]: Version: 1.2.0
[00.09][[34mINFO[0m]: Parsing rules in /tmp/tmp1k4iop94.json
[00.96][[34mINFO[0m]: scan: processing 483 files (skipping 0), with 490 rules (skipping 0 )
[04.16][[33mWARNING[0m]: Fixpoint timeout while performing taint analysis [rule: config..semgrep.vendored-rules.typescript.react.security.audit.react-href-var file: client/src/pages/profile-page.tsx func: ???]
[0m[04.54][[33mWARNING[0m]: Fixpoint timeout while performing taint analysis [rule: config..semgrep.vendored-rules.javascript.express.security.injection.raw-html-format file: client/src/pages/profile-page.tsx func: ???]
[0m[04.63][[33mWARNING[0m]: Fixpoint timeout while performing taint analysis [rule: config..semgrep.vendored-rules.javascript.express.security.injection.raw-html-format file: client/src/pages/profile-page.tsx func: ???]
[0m[05.05][[33mWARNING[0m]: Fixpoint timeout while performing taint analysis [rule: config..semgrep.vendored-rules.javascript.express.security.injection.raw-html-format file: client/src/pages/admin/manage-matches.tsx func: ???]
[0m[05.76][[34mINFO[0m]: Custom ignore pattern: None
[05.76][[34mINFO[0m]: Custom ignore pattern: None
--- end semgrep-core stderr ---
2025-05-13 09:17:02,431 - semgrep.rule_match - DEBUG - match_key = ('', PosixPath('client/index.html'), 'config..semgrep.vendored-rules.html.security.audit.missing-integrity') match_id = 0ee74fd49637bebe183eca7188dbde26e386314e62cc2e7ba1ee60b377b638243fcd84e6c6fa04886198ccacfa6a711bfbcc61a28f9ddc913d5b3c53083cbc90_0
2025-05-13 09:17:02,431 - semgrep.rule_match - DEBUG - match_key = (' type="text/javascript" src="https://replit.com/public/js/replit-dev-banner.js" (?is).*integrity= (google-analytics\\.com|fonts\\.googleapis\\.com|fonts\\.gstatic\\.com|googletagmanager\\.com) .*rel\\s*=\\s*[\'"]?preconnect.* href="... :// ..." href="//..." href=\'... :// ...\' href=\'//...\' src="... :// ..." src="//..." src=\'... :// ...\' src=\'//...\' <link  type="text/javascript" src="https://replit.com/public/js/replit-dev-banner.js" > <script  type="text/javascript" src="https://replit.com/public/js/replit-dev-banner.js" >...</script>', PosixPath('client/index.html'), 'config..semgrep.vendored-rules.html.security.audit.missing-integrity') match_id = 0728b64e224596592d04447ba8a642ff94e1fb9fcc07be26d49dc7e7f6898e638ad16ffcaca086932c58f4c6400fe32603323afef02cf9bfebcb0e4a53562a40_0
2025-05-13 09:17:02,432 - semgrep.rule_match - DEBUG - match_key = (' type="text/javascript" src="https://replit.com/public/js/replit-dev-banner.js" (?is).*integrity= (google-analytics\\.com|fonts\\.googleapis\\.com|fonts\\.gstatic\\.com|googletagmanager\\.com) .*rel\\s*=\\s*[\'"]?preconnect.* href="... :// ..." href="//..." href=\'... :// ...\' href=\'//...\' src="... :// ..." src="//..." src=\'... :// ...\' src=\'//...\' <link  type="text/javascript" src="https://replit.com/public/js/replit-dev-banner.js" > <script  type="text/javascript" src="https://replit.com/public/js/replit-dev-banner.js" >...</script>', PosixPath('client/index.html'), 'config..semgrep.vendored-rules.html.security.audit.missing-integrity') match_id = 0728b64e224596592d04447ba8a642ff94e1fb9fcc07be26d49dc7e7f6898e638ad16ffcaca086932c58f4c6400fe32603323afef02cf9bfebcb0e4a53562a40_0
2025-05-13 09:17:02,432 - semgrep.rule_match - DEBUG - match_key = (' type="text/javascript" src="https://replit.com/public/js/replit-dev-banner.js" (?is).*integrity= (google-analytics\\.com|fonts\\.googleapis\\.com|fonts\\.gstatic\\.com|googletagmanager\\.com) .*rel\\s*=\\s*[\'"]?preconnect.* href="... :// ..." href="//..." href=\'... :// ...\' href=\'//...\' src="... :// ..." src="//..." src=\'... :// ...\' src=\'//...\' <link  type="text/javascript" src="https://replit.com/public/js/replit-dev-banner.js" > <script  type="text/javascript" src="https://replit.com/public/js/replit-dev-banner.js" >...</script>', PosixPath('client/index.html'), 'config..semgrep.vendored-rules.html.security.audit.missing-integrity') match_id = 0728b64e224596592d04447ba8a642ff94e1fb9fcc07be26d49dc7e7f6898e638ad16ffcaca086932c58f4c6400fe32603323afef02cf9bfebcb0e4a53562a40_0
2025-05-13 09:17:02,433 - semgrep.rule_match - DEBUG - match_key = ('', PosixPath('db_schema.sql'), 'config..semgrep.vendored-rules.generic.secrets.security.detected-bcrypt-hash') match_id = 7f9ca2e077bbb869dccade80b11ccf5550f1ee9c93a55816c06252110d1175efaa663d8ce215018dfd85847a33592f8de69b7ec71ffe5e312e8c687574cf340b_0
2025-05-13 09:17:02,433 - semgrep.rule_match - DEBUG - match_key = ('\\$2[aby]?\\$[\\d]+\\$[./A-Za-z0-9]{53}', PosixPath('db_schema.sql'), 'config..semgrep.vendored-rules.generic.secrets.security.detected-bcrypt-hash') match_id = 44b41381289578596917cd75789b5c703f070e13e68a687cf04b4338f14910b1fbc588b91e058fc850023d9b044463e112e5a41f81a0751c3e6a2b1d4290bf39_0
2025-05-13 09:17:02,433 - semgrep.rule_match - DEBUG - match_key = ('\\$2[aby]?\\$[\\d]+\\$[./A-Za-z0-9]{53}', PosixPath('db_schema.sql'), 'config..semgrep.vendored-rules.generic.secrets.security.detected-bcrypt-hash') match_id = 44b41381289578596917cd75789b5c703f070e13e68a687cf04b4338f14910b1fbc588b91e058fc850023d9b044463e112e5a41f81a0751c3e6a2b1d4290bf39_0
2025-05-13 09:17:02,434 - semgrep.rule_match - DEBUG - match_key = ('\\$2[aby]?\\$[\\d]+\\$[./A-Za-z0-9]{53}', PosixPath('db_schema.sql'), 'config..semgrep.vendored-rules.generic.secrets.security.detected-bcrypt-hash') match_id = 44b41381289578596917cd75789b5c703f070e13e68a687cf04b4338f14910b1fbc588b91e058fc850023d9b044463e112e5a41f81a0751c3e6a2b1d4290bf39_0
2025-05-13 09:17:02,434 - semgrep.rule_match - DEBUG - match_key = ('', PosixPath('deployment/db_schema.sql'), 'config..semgrep.vendored-rules.generic.secrets.security.detected-bcrypt-hash') match_id = 6ac28bbc99ffdd5a29ed928f2f61a4f254c87420b8cf0af5ee526df39ca4664d94bbbbb88141cefa0b3e40c6f1cdbadc10d676c06c6492bf025902cfe774c834_0
2025-05-13 09:17:02,435 - semgrep.rule_match - DEBUG - match_key = ('\\$2[aby]?\\$[\\d]+\\$[./A-Za-z0-9]{53}', PosixPath('deployment/db_schema.sql'), 'config..semgrep.vendored-rules.generic.secrets.security.detected-bcrypt-hash') match_id = 95f1c5caea518583634f7ea96743d341c7b2ff59d6b5bad6f06a93efd06d56adffb93e100b87423026d8b14829363bee5cac76f29911e698cc53ccac9e291ed5_0
2025-05-13 09:17:02,435 - semgrep.rule_match - DEBUG - match_key = ('\\$2[aby]?\\$[\\d]+\\$[./A-Za-z0-9]{53}', PosixPath('deployment/db_schema.sql'), 'config..semgrep.vendored-rules.generic.secrets.security.detected-bcrypt-hash') match_id = 95f1c5caea518583634f7ea96743d341c7b2ff59d6b5bad6f06a93efd06d56adffb93e100b87423026d8b14829363bee5cac76f29911e698cc53ccac9e291ed5_0
2025-05-13 09:17:02,435 - semgrep.rule_match - DEBUG - match_key = ('\\$2[aby]?\\$[\\d]+\\$[./A-Za-z0-9]{53}', PosixPath('deployment/db_schema.sql'), 'config..semgrep.vendored-rules.generic.secrets.security.detected-bcrypt-hash') match_id = 95f1c5caea518583634f7ea96743d341c7b2ff59d6b5bad6f06a93efd06d56adffb93e100b87423026d8b14829363bee5cac76f29911e698cc53ccac9e291ed5_0
2025-05-13 09:17:02,436 - semgrep.rule_match - DEBUG - match_key = ('', PosixPath('deployment/server/database-storage.ts'), 'config..semgrep.vendored-rules.generic.secrets.security.detected-bcrypt-hash') match_id = 491ffaf6391cb58744767b15d95890fff85870c29f62d74a06a7f6c712bf5bbf689daec47a7caffc1ac7df167e92998452245c9c6e6dd08abbd01eb89b791a1b_0
2025-05-13 09:17:02,436 - semgrep.rule_match - DEBUG - match_key = ('\\$2[aby]?\\$[\\d]+\\$[./A-Za-z0-9]{53}', PosixPath('deployment/server/database-storage.ts'), 'config..semgrep.vendored-rules.generic.secrets.security.detected-bcrypt-hash') match_id = 37d9f53fa517dbc88f330a1e7de5cf5e0afcd141e646da7cdac52762ccd948626a11f0e2b193111d4c81d5abf72b5b250ec31ddc465da01cd46d74382a1803d9_0
2025-05-13 09:17:02,437 - semgrep.rule_match - DEBUG - match_key = ('\\$2[aby]?\\$[\\d]+\\$[./A-Za-z0-9]{53}', PosixPath('deployment/server/database-storage.ts'), 'config..semgrep.vendored-rules.generic.secrets.security.detected-bcrypt-hash') match_id = 37d9f53fa517dbc88f330a1e7de5cf5e0afcd141e646da7cdac52762ccd948626a11f0e2b193111d4c81d5abf72b5b250ec31ddc465da01cd46d74382a1803d9_0
2025-05-13 09:17:02,437 - semgrep.rule_match - DEBUG - match_key = ('\\$2[aby]?\\$[\\d]+\\$[./A-Za-z0-9]{53}', PosixPath('deployment/server/database-storage.ts'), 'config..semgrep.vendored-rules.generic.secrets.security.detected-bcrypt-hash') match_id = 37d9f53fa517dbc88f330a1e7de5cf5e0afcd141e646da7cdac52762ccd948626a11f0e2b193111d4c81d5abf72b5b250ec31ddc465da01cd46d74382a1803d9_0
2025-05-13 09:17:02,438 - semgrep.rule_match - DEBUG - match_key = ('', PosixPath('deployment/server/database-storage.ts'), 'config..semgrep.vendored-rules.javascript.lang.security.audit.unsafe-formatstring') match_id = 19538008a6925fd619413a38f43c2c44c119d21d0ba90fff98c825f27b5db24b71bfe5edfea786869b39647591997d06aba4846db7afcd3669653174752cfa72_0
2025-05-13 09:17:02,438 - semgrep.rule_match - DEBUG - match_key = ('"..." + "..."\n $X + $Y $X.concat($Y) `...${...}...`\n $X.concat("...")\n `Error getting setting key: $UTIL = require(\'util\')\n...\n $UTIL.format(`Error getting setting key:,error,...)\n console.error(`Error getting setting key:,error,...)\n', PosixPath('deployment/server/database-storage.ts'), 'config..semgrep.vendored-rules.javascript.lang.security.audit.unsafe-formatstring') match_id = 20b4799b3521aa96a4e047b5376907c2cdca4fad9c8cea5dc0dab4ff6f53de1d4fe0d4091db008a93b26ee205463c80f4296772f2c45767e6445b2b32308884b_0
2025-05-13 09:17:02,439 - semgrep.rule_match - DEBUG - match_key = ('"..." + "..."\n $X + $Y $X.concat($Y) `...${...}...`\n $X.concat("...")\n `Error getting setting key: $UTIL = require(\'util\')\n...\n $UTIL.format(`Error getting setting key:,error,...)\n console.error(`Error getting setting key:,error,...)\n', PosixPath('deployment/server/database-storage.ts'), 'config..semgrep.vendored-rules.javascript.lang.security.audit.unsafe-formatstring') match_id = 20b4799b3521aa96a4e047b5376907c2cdca4fad9c8cea5dc0dab4ff6f53de1d4fe0d4091db008a93b26ee205463c80f4296772f2c45767e6445b2b32308884b_0
2025-05-13 09:17:02,439 - semgrep.rule_match - DEBUG - match_key = ('"..." + "..."\n $X + $Y $X.concat($Y) `...${...}...`\n $X.concat("...")\n `Error getting setting key: $UTIL = require(\'util\')\n...\n $UTIL.format(`Error getting setting key:,error,...)\n console.error(`Error getting setting key:,error,...)\n', PosixPath('deployment/server/database-storage.ts'), 'config..semgrep.vendored-rules.javascript.lang.security.audit.unsafe-formatstring') match_id = 20b4799b3521aa96a4e047b5376907c2cdca4fad9c8cea5dc0dab4ff6f53de1d4fe0d4091db008a93b26ee205463c80f4296772f2c45767e6445b2b32308884b_0
2025-05-13 09:17:02,440 - semgrep.rule_match - DEBUG - match_key = ('', PosixPath('deployment/server/database-storage.ts'), 'config..semgrep.vendored-rules.javascript.lang.security.audit.unsafe-formatstring') match_id = 19538008a6925fd619413a38f43c2c44c119d21d0ba90fff98c825f27b5db24b71bfe5edfea786869b39647591997d06aba4846db7afcd3669653174752cfa72_0
2025-05-13 09:17:02,441 - semgrep.rule_match - DEBUG - match_key = ('"..." + "..."\n $X + $Y $X.concat($Y) `...${...}...`\n $X.concat("...")\n `Error updating setting key: $UTIL = require(\'util\')\n...\n $UTIL.format(`Error updating setting key:,error,...)\n console.error(`Error updating setting key:,error,...)\n', PosixPath('deployment/server/database-storage.ts'), 'config..semgrep.vendored-rules.javascript.lang.security.audit.unsafe-formatstring') match_id = 8880f6b4de93fc844a897230ecbd41c7b20f4a04c76bc32a644ca3750ee1b9c9888f8a7e8f0215d54941c0732a397dfde06da9cfafaa8bd417561f71f142e867_0
2025-05-13 09:17:02,441 - semgrep.rule_match - DEBUG - match_key = ('"..." + "..."\n $X + $Y $X.concat($Y) `...${...}...`\n $X.concat("...")\n `Error updating setting key: $UTIL = require(\'util\')\n...\n $UTIL.format(`Error updating setting key:,error,...)\n console.error(`Error updating setting key:,error,...)\n', PosixPath('deployment/server/database-storage.ts'), 'config..semgrep.vendored-rules.javascript.lang.security.audit.unsafe-formatstring') match_id = 8880f6b4de93fc844a897230ecbd41c7b20f4a04c76bc32a644ca3750ee1b9c9888f8a7e8f0215d54941c0732a397dfde06da9cfafaa8bd417561f71f142e867_0
2025-05-13 09:17:02,442 - semgrep.rule_match - DEBUG - match_key = ('"..." + "..."\n $X + $Y $X.concat($Y) `...${...}...`\n $X.concat("...")\n `Error updating setting key: $UTIL = require(\'util\')\n...\n $UTIL.format(`Error updating setting key:,error,...)\n console.error(`Error updating setting key:,error,...)\n', PosixPath('deployment/server/database-storage.ts'), 'config..semgrep.vendored-rules.javascript.lang.security.audit.unsafe-formatstring') match_id = 8880f6b4de93fc844a897230ecbd41c7b20f4a04c76bc32a644ca3750ee1b9c9888f8a7e8f0215d54941c0732a397dfde06da9cfafaa8bd417561f71f142e867_0
2025-05-13 09:17:02,442 - semgrep.rule_match - DEBUG - match_key = ('', PosixPath('push-schema.js'), 'config..semgrep.vendored-rules.generic.secrets.security.detected-bcrypt-hash') match_id = d5dbe90b172c0c579d0bb2804d896c0473721e0d60b730d8fdd83c34d9997c800a3f0ed8a8481715374e54b68dbfa1621dc79d0e955276f62312cf02bbee10e2_0
2025-05-13 09:17:02,442 - semgrep.rule_match - DEBUG - match_key = ('\\$2[aby]?\\$[\\d]+\\$[./A-Za-z0-9]{53}', PosixPath('push-schema.js'), 'config..semgrep.vendored-rules.generic.secrets.security.detected-bcrypt-hash') match_id = 1f8ed651276a2abb7a745dd76d734afc90b9e53b5c2916b6c833a19c5dd8e43dc7a570e74607bcd7aa0705250497f04f0272ebf80c54aa706a9fba2aec1a9fa4_0
2025-05-13 09:17:02,443 - semgrep.rule_match - DEBUG - match_key = ('\\$2[aby]?\\$[\\d]+\\$[./A-Za-z0-9]{53}', PosixPath('push-schema.js'), 'config..semgrep.vendored-rules.generic.secrets.security.detected-bcrypt-hash') match_id = 1f8ed651276a2abb7a745dd76d734afc90b9e53b5c2916b6c833a19c5dd8e43dc7a570e74607bcd7aa0705250497f04f0272ebf80c54aa706a9fba2aec1a9fa4_0
2025-05-13 09:17:02,443 - semgrep.rule_match - DEBUG - match_key = ('\\$2[aby]?\\$[\\d]+\\$[./A-Za-z0-9]{53}', PosixPath('push-schema.js'), 'config..semgrep.vendored-rules.generic.secrets.security.detected-bcrypt-hash') match_id = 1f8ed651276a2abb7a745dd76d734afc90b9e53b5c2916b6c833a19c5dd8e43dc7a570e74607bcd7aa0705250497f04f0272ebf80c54aa706a9fba2aec1a9fa4_0
2025-05-13 09:17:02,444 - semgrep.rule_match - DEBUG - match_key = ('', PosixPath('server/database-storage.ts'), 'config..semgrep.vendored-rules.generic.secrets.security.detected-bcrypt-hash') match_id = 59cb95afee6472428b265bfccdc25c0143ba27b68e808de4d58123d400a90490e3425b0afd0ec5afbcfacd4daedfbec39fc255aa560cfc49ba3c1ba4197fdaef_0
2025-05-13 09:17:02,444 - semgrep.rule_match - DEBUG - match_key = ('\\$2[aby]?\\$[\\d]+\\$[./A-Za-z0-9]{53}', PosixPath('server/database-storage.ts'), 'config..semgrep.vendored-rules.generic.secrets.security.detected-bcrypt-hash') match_id = 0ea5318089821777ca5d3840d319f166236424beb016f01b8009053db5806a454dd35e9e2d54fa6454662da5ef1c8d663f1a7f44ff4841cd3b924a12f7bb9d25_0
2025-05-13 09:17:02,444 - semgrep.rule_match - DEBUG - match_key = ('\\$2[aby]?\\$[\\d]+\\$[./A-Za-z0-9]{53}', PosixPath('server/database-storage.ts'), 'config..semgrep.vendored-rules.generic.secrets.security.detected-bcrypt-hash') match_id = 0ea5318089821777ca5d3840d319f166236424beb016f01b8009053db5806a454dd35e9e2d54fa6454662da5ef1c8d663f1a7f44ff4841cd3b924a12f7bb9d25_0
2025-05-13 09:17:02,445 - semgrep.rule_match - DEBUG - match_key = ('\\$2[aby]?\\$[\\d]+\\$[./A-Za-z0-9]{53}', PosixPath('server/database-storage.ts'), 'config..semgrep.vendored-rules.generic.secrets.security.detected-bcrypt-hash') match_id = 0ea5318089821777ca5d3840d319f166236424beb016f01b8009053db5806a454dd35e9e2d54fa6454662da5ef1c8d663f1a7f44ff4841cd3b924a12f7bb9d25_0
2025-05-13 09:17:02,445 - semgrep.rule_match - DEBUG - match_key = ('', PosixPath('server/database-storage.ts'), 'config..semgrep.vendored-rules.javascript.lang.security.audit.unsafe-formatstring') match_id = 43d9dfaa16a16ef5c708dc3df89bb49c9df5dd3a2c125354a899695bf6c36b553724668242f263cdd25132f8216abb3e54470455cf4b992dd10f64d60f615b9c_0
2025-05-13 09:17:02,446 - semgrep.rule_match - DEBUG - match_key = ('"..." + "..."\n $X + $Y $X.concat($Y) `...${...}...`\n $X.concat("...")\n `Error getting setting key: $UTIL = require(\'util\')\n...\n $UTIL.format(`Error getting setting key:,error,...)\n console.error(`Error getting setting key:,error,...)\n', PosixPath('server/database-storage.ts'), 'config..semgrep.vendored-rules.javascript.lang.security.audit.unsafe-formatstring') match_id = 38020211e52f0e34572c4f96f0f3fcadc89adbc07cc6dbae6184eca23537bf13b97dd82a9bdb04296ba449286b439a3ea2b06f6827081ab0db6654ad3cfc7dce_0
2025-05-13 09:17:02,446 - semgrep.rule_match - DEBUG - match_key = ('"..." + "..."\n $X + $Y $X.concat($Y) `...${...}...`\n $X.concat("...")\n `Error getting setting key: $UTIL = require(\'util\')\n...\n $UTIL.format(`Error getting setting key:,error,...)\n console.error(`Error getting setting key:,error,...)\n', PosixPath('server/database-storage.ts'), 'config..semgrep.vendored-rules.javascript.lang.security.audit.unsafe-formatstring') match_id = 38020211e52f0e34572c4f96f0f3fcadc89adbc07cc6dbae6184eca23537bf13b97dd82a9bdb04296ba449286b439a3ea2b06f6827081ab0db6654ad3cfc7dce_0
2025-05-13 09:17:02,447 - semgrep.rule_match - DEBUG - match_key = ('"..." + "..."\n $X + $Y $X.concat($Y) `...${...}...`\n $X.concat("...")\n `Error getting setting key: $UTIL = require(\'util\')\n...\n $UTIL.format(`Error getting setting key:,error,...)\n console.error(`Error getting setting key:,error,...)\n', PosixPath('server/database-storage.ts'), 'config..semgrep.vendored-rules.javascript.lang.security.audit.unsafe-formatstring') match_id = 38020211e52f0e34572c4f96f0f3fcadc89adbc07cc6dbae6184eca23537bf13b97dd82a9bdb04296ba449286b439a3ea2b06f6827081ab0db6654ad3cfc7dce_0
2025-05-13 09:17:02,447 - semgrep.rule_match - DEBUG - match_key = ('', PosixPath('server/database-storage.ts'), 'config..semgrep.vendored-rules.javascript.lang.security.audit.unsafe-formatstring') match_id = 43d9dfaa16a16ef5c708dc3df89bb49c9df5dd3a2c125354a899695bf6c36b553724668242f263cdd25132f8216abb3e54470455cf4b992dd10f64d60f615b9c_0
2025-05-13 09:17:02,448 - semgrep.rule_match - DEBUG - match_key = ('"..." + "..."\n $X + $Y $X.concat($Y) `...${...}...`\n $X.concat("...")\n `Error updating setting key: $UTIL = require(\'util\')\n...\n $UTIL.format(`Error updating setting key:,error,...)\n console.error(`Error updating setting key:,error,...)\n', PosixPath('server/database-storage.ts'), 'config..semgrep.vendored-rules.javascript.lang.security.audit.unsafe-formatstring') match_id = fb48a10e25b81076f18022a0cd96d7e035d41ce37a1fbd4bfb1ffd75fed829be5922b7123707139b0232ba3931f23ca9599ecc2d0871f04604f2a81d45cb9c2d_0
2025-05-13 09:17:02,448 - semgrep.rule_match - DEBUG - match_key = ('"..." + "..."\n $X + $Y $X.concat($Y) `...${...}...`\n $X.concat("...")\n `Error updating setting key: $UTIL = require(\'util\')\n...\n $UTIL.format(`Error updating setting key:,error,...)\n console.error(`Error updating setting key:,error,...)\n', PosixPath('server/database-storage.ts'), 'config..semgrep.vendored-rules.javascript.lang.security.audit.unsafe-formatstring') match_id = fb48a10e25b81076f18022a0cd96d7e035d41ce37a1fbd4bfb1ffd75fed829be5922b7123707139b0232ba3931f23ca9599ecc2d0871f04604f2a81d45cb9c2d_0
2025-05-13 09:17:02,449 - semgrep.rule_match - DEBUG - match_key = ('"..." + "..."\n $X + $Y $X.concat($Y) `...${...}...`\n $X.concat("...")\n `Error updating setting key: $UTIL = require(\'util\')\n...\n $UTIL.format(`Error updating setting key:,error,...)\n console.error(`Error updating setting key:,error,...)\n', PosixPath('server/database-storage.ts'), 'config..semgrep.vendored-rules.javascript.lang.security.audit.unsafe-formatstring') match_id = fb48a10e25b81076f18022a0cd96d7e035d41ce37a1fbd4bfb1ffd75fed829be5922b7123707139b0232ba3931f23ca9599ecc2d0871f04604f2a81d45cb9c2d_0
2025-05-13 09:17:02,452 - semgrep.core_runner - DEBUG - semgrep ran in 0:00:06.226594 on 185 files
2025-05-13 09:17:02,454 - semgrep.core_runner - DEBUG - findings summary: 1 warning, 5 error, 4 info
2025-05-13 09:17:02,460 - semgrep.app.auth - DEBUG - Getting API token from settings file
2025-05-13 09:17:02,460 - semgrep.app.auth - DEBUG - No API token found in settings file
2025-05-13 09:17:02,461 - semgrep.semgrep_core - DEBUG - Failed to open resource semgrep-core-proprietary: [Errno 2] No such file or directory: '/tmp/_MEI8FlvhJ/semgrep/bin/semgrep-core-proprietary'.
2025-05-13 09:17:02,576 - semgrep.output - VERBOSE - 
========================================
Files skipped:
========================================

  Always skipped by Opengrep:

   • <none>

  Skipped by .gitignore:
  (Disable by passing --no-git-ignore)

   • <all files not listed by `git ls-files` were skipped>

  Skipped by .semgrepignore:
  - https://semgrep.dev/docs/ignoring-files-folders-code/#understand-semgrep-defaults

   • <none>

  Skipped by --include patterns:

   • <none>

  Skipped by --exclude patterns:

   • <none>

  Files skipped due to insufficient read permissions:

   • <none>

  Skipped by limiting to files smaller than 1000000 bytes:
  (Adjust with the --max-target-bytes flag)

   • <none>

  Partially analyzed due to parsing or internal Opengrep errors

   • tailwind.config.ts (1 lines skipped)

2025-05-13 09:17:02,576 - semgrep.output - INFO - Some files were skipped or only partially analyzed.
  Scan was limited to files tracked by git.
  Partially scanned: 1 files only partially analyzed due to parsing or internal Opengrep errors

Ran 446 rules on 185 files: 10 findings.
2025-05-13 09:17:02,577 - semgrep.app.version - DEBUG - Version cache does not exist
2025-05-13 09:17:02,598 - semgrep.metrics - VERBOSE - Not sending pseudonymous metrics since metrics are configured to OFF and registry usage is False
